<?xml version="1.0" encoding="UTF-8"?>
<!-- Generated by org.testng.reporters.JUnitReportReporter -->
<testsuite skipped="0" hostname="LAPTOP-HL4REAJM" name="com.ddframework.test.LoginTest.Walmart" tests="1" failures="0" timestamp="2020-10-05T12:51:56 IST" time="109.505" errors="0">
  <testcase name="testOne" time="109.505" classname="com.ddframework.test.LoginTest.Walmart"/>
  <system-out/>
</testsuite> <!-- com.ddframework.test.LoginTest.Walmart -->
