<?xml version="1.0" encoding="UTF-8"?>
<!-- Generated by org.testng.reporters.JUnitReportReporter -->
<testsuite skipped="0" hostname="LAPTOP-HL4REAJM" name="com.ddframework.test.LoginTest.loginTest" tests="1" failures="0" timestamp="2020-10-05T10:26:16 IST" time="132.345" errors="0">
  <testcase name="testOne" time="132.345" classname="com.ddframework.test.LoginTest.loginTest"/>
  <system-out/>
</testsuite> <!-- com.ddframework.test.LoginTest.loginTest -->
