<?xml version="1.0" encoding="UTF-8"?>
<!-- Generated by org.testng.reporters.JUnitReportReporter -->
<testsuite skipped="0" hostname="LAPTOP-HL4REAJM" name="com.ddframework.mini.project.walmartTest" tests="1" failures="0" timestamp="2020-10-08T12:25:29 IST" time="99.367" errors="0">
  <testcase name="testOne" time="99.367" classname="com.ddframework.mini.project.walmartTest"/>
  <system-out/>
</testsuite> <!-- com.ddframework.mini.project.walmartTest -->
